2026-01-22 15:46:48 - pipeline_clientes - INFO - ================================================================================
2026-01-22 15:46:48 - pipeline_clientes - INFO - INICIANDO PIPELINE ETL DE CLIENTES
2026-01-22 15:46:48 - pipeline_clientes - INFO - ================================================================================
2026-01-22 15:46:48 - pipeline_clientes - INFO - Buscando archivos de clientes en directorio input/
2026-01-22 15:46:48 - pipeline_clientes - INFO -   ✓ Archivo válido encontrado: Clientes-2025-11-10.csv
2026-01-22 15:46:48 - pipeline_clientes - WARNING -   ⚠ Archivo ignorado (no cumple patrón): Tarjetas-2025-11-10.csv
2026-01-22 15:46:48 - pipeline_clientes - INFO - ================================================================================
2026-01-22 15:46:48 - pipeline_clientes - INFO - Procesando: Clientes-2025-11-10.csv
2026-01-22 15:46:48 - pipeline_clientes - INFO - ================================================================================
2026-01-22 15:46:48 - pipeline_clientes - INFO - Leyendo archivo: Clientes-2025-11-10.csv
2026-01-22 15:46:48 - pipeline_clientes - INFO -   ✓ Leídas 5 filas, 7 columnas
2026-01-22 15:46:48 - pipeline_clientes - INFO - Iniciando limpieza de datos
2026-01-22 15:46:48 - pipeline_clientes - INFO -   - Eliminando espacios en blanco
2026-01-22 15:46:48 - pipeline_clientes - INFO -   - Normalizando nombres de columnas
2026-01-22 15:46:48 - pipeline_clientes - INFO -     Columnas: cod_cliente, nombre, apellido1, apellido2, dni, correo, telefono
2026-01-22 15:46:48 - pipeline_clientes - INFO - Normalizando datos
2026-01-22 15:46:48 - pipeline_clientes - INFO -   - Normalizando nombres
2026-01-22 15:46:48 - pipeline_clientes - INFO -   - Normalizando apellido1
2026-01-22 15:46:48 - pipeline_clientes - INFO -   - Normalizando apellido2
2026-01-22 15:46:48 - pipeline_clientes - INFO -   - Normalizando correos
2026-01-22 15:46:48 - pipeline_clientes - INFO -   - Normalizando DNIs
2026-01-22 15:46:48 - pipeline_clientes - INFO -   - Normalizando teléfonos
2026-01-22 15:46:48 - pipeline_clientes - INFO - Aplicando validaciones
2026-01-22 15:46:48 - pipeline_clientes - INFO -   - Validando DNIs
2026-01-22 15:46:48 - pipeline_clientes - INFO -     DNIs válidos: 2/5 (40.0%)
2026-01-22 15:46:48 - pipeline_clientes - INFO -   - Validando teléfonos
2026-01-22 15:46:48 - pipeline_clientes - INFO -     Teléfonos válidos: 5/5 (100.0%)
2026-01-22 15:46:48 - pipeline_clientes - INFO -   - Validando correos
2026-01-22 15:46:48 - pipeline_clientes - INFO -     Correos válidos: 5/5 (100.0%)
2026-01-22 15:46:48 - pipeline_clientes - INFO -   ✓ Guardadas 5 filas válidas en: Clientes-2025-11-10.cleaned.csv
2026-01-22 15:46:48 - pipeline_clientes - INFO - ================================================================================
2026-01-22 15:46:48 - pipeline_clientes - INFO - PIPELINE COMPLETADO
2026-01-22 15:46:48 - pipeline_clientes - INFO - ================================================================================
2026-01-22 15:46:48 - pipeline_clientes - INFO - Archivos procesados: 1
2026-01-22 15:46:48 - pipeline_clientes - INFO - Filas leídas: 5
2026-01-22 15:46:48 - pipeline_clientes - INFO - Filas procesadas correctamente: 5
2026-01-22 15:46:48 - pipeline_clientes - INFO - Filas rechazadas: 0
2026-01-22 15:46:48 - pipeline_clientes - INFO - Tiempo de ejecución: 0.02 segundos
2026-01-22 15:46:48 - pipeline_clientes - INFO - ================================================================================
2026-01-23 13:45:57 - pipeline_clientes - INFO - ================================================================================
2026-01-23 13:45:57 - pipeline_clientes - INFO - INICIANDO PIPELINE: CLIENTES
2026-01-23 13:45:57 - pipeline_clientes - INFO - ================================================================================
2026-01-23 13:45:57 - pipeline_clientes - INFO - Buscando archivos (Clientes-\d{4}-\d{2}-\d{2}\.csv) en directorio input/
2026-01-23 13:45:57 - pipeline_clientes - INFO -   ✓ Archivo válido encontrado: Clientes-2025-11-10.csv
2026-01-23 13:45:57 - pipeline_clientes - INFO - ================================================================================
2026-01-23 13:45:57 - pipeline_clientes - INFO - Procesando: Clientes-2025-11-10.csv
2026-01-23 13:45:57 - pipeline_clientes - INFO - ================================================================================
2026-01-23 13:45:57 - pipeline_clientes - INFO - Leyendo archivo: Clientes-2025-11-10.csv
2026-01-23 13:45:57 - pipeline_clientes - INFO -   ✓ Leídas 5 filas, 7 columnas
2026-01-23 13:45:57 - pipeline_clientes - INFO - Iniciando limpieza de datos
2026-01-23 13:45:57 - pipeline_clientes - INFO -   - Eliminando espacios en blanco
2026-01-23 13:45:57 - pipeline_clientes - INFO -   - Normalizando nombres de columnas
2026-01-23 13:45:57 - pipeline_clientes - INFO - Normalizando datos
2026-01-23 13:45:57 - pipeline_clientes - INFO -   - Normalizando nombres
2026-01-23 13:45:57 - pipeline_clientes - INFO -   - Normalizando apellido1
2026-01-23 13:45:57 - pipeline_clientes - INFO -   - Normalizando apellido2
2026-01-23 13:45:57 - pipeline_clientes - INFO -   - Normalizando correos
2026-01-23 13:45:57 - pipeline_clientes - INFO -   - Normalizando DNIs
2026-01-23 13:45:57 - pipeline_clientes - INFO -   - Normalizando teléfonos
2026-01-23 13:45:57 - pipeline_clientes - INFO - Aplicando validaciones
2026-01-23 13:45:57 - pipeline_clientes - INFO -   - Validando DNIs
2026-01-23 13:45:57 - pipeline_clientes - INFO -   - Validando teléfonos
2026-01-23 13:45:57 - pipeline_clientes - INFO -   - Validando correos
2026-01-23 13:45:57 - pipeline_clientes - INFO - Aplicando anonimización a datos sensibles
2026-01-23 13:45:57 - pipeline_clientes - INFO -   - DNI hasheado
2026-01-23 13:45:57 - pipeline_clientes - INFO -   ✓ Guardadas 5 filas válidas en: Clientes-2025-11-10.cleaned.csv
2026-01-23 13:45:57 - pipeline_clientes - INFO - ================================================================================
2026-01-23 13:45:57 - pipeline_clientes - INFO - PIPELINE CLIENTES COMPLETADO
2026-01-23 13:45:57 - pipeline_clientes - INFO - ================================================================================
2026-01-23 13:45:57 - pipeline_clientes - INFO - Archivos procesados: 1
2026-01-23 13:45:57 - pipeline_clientes - INFO - Filas leídas: 5
2026-01-23 13:45:57 - pipeline_clientes - INFO - Filas procesadas correctamente: 5
2026-01-23 13:45:57 - pipeline_clientes - INFO - Filas rechazadas: 0
2026-01-23 13:45:57 - pipeline_clientes - INFO - Tiempo de ejecución: 0.01 segundos
2026-01-23 13:45:57 - pipeline_clientes - INFO - ================================================================================
2026-01-23 13:51:18 - pipeline_clientes - INFO - ================================================================================
2026-01-23 13:51:18 - pipeline_clientes - INFO - INICIANDO PIPELINE: CLIENTES
2026-01-23 13:51:18 - pipeline_clientes - INFO - ================================================================================
2026-01-23 13:51:18 - pipeline_clientes - INFO - Buscando archivos (Clientes-\d{4}-\d{2}-\d{2}\.csv) en directorio input/
2026-01-23 13:51:18 - pipeline_clientes - INFO -   ✓ Archivo válido encontrado: Clientes-2025-11-10.csv
2026-01-23 13:51:18 - pipeline_clientes - INFO - ================================================================================
2026-01-23 13:51:18 - pipeline_clientes - INFO - Procesando: Clientes-2025-11-10.csv
2026-01-23 13:51:18 - pipeline_clientes - INFO - ================================================================================
2026-01-23 13:51:18 - pipeline_clientes - INFO - Leyendo archivo: Clientes-2025-11-10.csv
2026-01-23 13:51:18 - pipeline_clientes - INFO -   ✓ Leídas 5 filas, 7 columnas
2026-01-23 13:51:18 - pipeline_clientes - INFO - Iniciando limpieza de datos
2026-01-23 13:51:18 - pipeline_clientes - INFO -   - Eliminando espacios en blanco
2026-01-23 13:51:18 - pipeline_clientes - INFO -   - Normalizando nombres de columnas
2026-01-23 13:51:18 - pipeline_clientes - INFO - Normalizando datos
2026-01-23 13:51:18 - pipeline_clientes - INFO -   - Normalizando nombres
2026-01-23 13:51:18 - pipeline_clientes - INFO -   - Normalizando apellido1
2026-01-23 13:51:18 - pipeline_clientes - INFO -   - Normalizando apellido2
2026-01-23 13:51:18 - pipeline_clientes - INFO -   - Normalizando correos
2026-01-23 13:51:18 - pipeline_clientes - INFO -   - Normalizando DNIs
2026-01-23 13:51:18 - pipeline_clientes - INFO -   - Normalizando teléfonos
2026-01-23 13:51:18 - pipeline_clientes - INFO - Aplicando validaciones
2026-01-23 13:51:18 - pipeline_clientes - INFO -   - Validando DNIs
2026-01-23 13:51:18 - pipeline_clientes - INFO -   - Validando teléfonos
2026-01-23 13:51:18 - pipeline_clientes - INFO -   - Validando correos
2026-01-23 13:51:18 - pipeline_clientes - INFO - Aplicando anonimización a datos sensibles
2026-01-23 13:51:18 - pipeline_clientes - INFO -   - DNI hasheado
2026-01-23 13:51:18 - pipeline_clientes - INFO -   ✓ Guardadas 5 filas válidas en: Clientes-2025-11-10.cleaned.csv
2026-01-23 13:51:18 - pipeline_clientes - INFO - ================================================================================
2026-01-23 13:51:18 - pipeline_clientes - INFO - PIPELINE CLIENTES COMPLETADO
2026-01-23 13:51:18 - pipeline_clientes - INFO - ================================================================================
2026-01-23 13:51:18 - pipeline_clientes - INFO - Archivos procesados: 1
2026-01-23 13:51:18 - pipeline_clientes - INFO - Filas leídas: 5
2026-01-23 13:51:18 - pipeline_clientes - INFO - Filas procesadas correctamente: 5
2026-01-23 13:51:18 - pipeline_clientes - INFO - Filas rechazadas: 0
2026-01-23 13:51:18 - pipeline_clientes - INFO - Tiempo de ejecución: 0.02 segundos
2026-01-23 13:51:18 - pipeline_clientes - INFO - ================================================================================
2026-01-23 13:54:25 - pipeline_clientes - INFO - ================================================================================
2026-01-23 13:54:25 - pipeline_clientes - INFO - INICIANDO PIPELINE: CLIENTES
2026-01-23 13:54:25 - pipeline_clientes - INFO - ================================================================================
2026-01-23 13:54:25 - pipeline_clientes - INFO - Buscando archivos (Clientes-\d{4}-\d{2}-\d{2}\.csv) en directorio input/
2026-01-23 13:54:25 - pipeline_clientes - INFO -   ✓ Archivo válido encontrado: Clientes-2025-11-10.csv
2026-01-23 13:54:25 - pipeline_clientes - INFO - ================================================================================
2026-01-23 13:54:25 - pipeline_clientes - INFO - Procesando: Clientes-2025-11-10.csv
2026-01-23 13:54:25 - pipeline_clientes - INFO - ================================================================================
2026-01-23 13:54:25 - pipeline_clientes - INFO - Leyendo archivo: Clientes-2025-11-10.csv
2026-01-23 13:54:25 - pipeline_clientes - INFO -   ✓ Leídas 5 filas, 7 columnas
2026-01-23 13:54:25 - pipeline_clientes - INFO - Iniciando limpieza de datos
2026-01-23 13:54:25 - pipeline_clientes - INFO -   - Eliminando espacios en blanco
2026-01-23 13:54:25 - pipeline_clientes - INFO -   - Normalizando nombres de columnas
2026-01-23 13:54:25 - pipeline_clientes - INFO - Normalizando datos
2026-01-23 13:54:25 - pipeline_clientes - INFO -   - Normalizando nombres
2026-01-23 13:54:25 - pipeline_clientes - INFO -   - Normalizando apellido1
2026-01-23 13:54:25 - pipeline_clientes - INFO -   - Normalizando apellido2
2026-01-23 13:54:25 - pipeline_clientes - INFO -   - Normalizando correos
2026-01-23 13:54:25 - pipeline_clientes - INFO -   - Normalizando DNIs
2026-01-23 13:54:25 - pipeline_clientes - INFO -   - Normalizando teléfonos
2026-01-23 13:54:25 - pipeline_clientes - INFO - Aplicando validaciones
2026-01-23 13:54:25 - pipeline_clientes - INFO -   - Validando DNIs
2026-01-23 13:54:25 - pipeline_clientes - INFO -   - Validando teléfonos
2026-01-23 13:54:25 - pipeline_clientes - INFO -   - Validando correos
2026-01-23 13:54:25 - pipeline_clientes - INFO - Aplicando anonimización a datos sensibles
2026-01-23 13:54:25 - pipeline_clientes - INFO -   - DNI hasheado
2026-01-23 13:54:25 - pipeline_clientes - INFO -   ✓ Guardadas 5 filas válidas en: Clientes-2025-11-10.cleaned.csv
2026-01-23 13:54:25 - pipeline_clientes - INFO - ================================================================================
2026-01-23 13:54:25 - pipeline_clientes - INFO - PIPELINE CLIENTES COMPLETADO
2026-01-23 13:54:25 - pipeline_clientes - INFO - ================================================================================
2026-01-23 13:54:25 - pipeline_clientes - INFO - Archivos procesados: 1
2026-01-23 13:54:25 - pipeline_clientes - INFO - Filas leídas: 5
2026-01-23 13:54:25 - pipeline_clientes - INFO - Filas procesadas correctamente: 5
2026-01-23 13:54:25 - pipeline_clientes - INFO - Filas rechazadas: 0
2026-01-23 13:54:25 - pipeline_clientes - INFO - Tiempo de ejecución: 0.01 segundos
2026-01-23 13:54:25 - pipeline_clientes - INFO - ================================================================================
2026-01-23 13:56:21 - pipeline_clientes - INFO - ================================================================================
2026-01-23 13:56:21 - pipeline_clientes - INFO - INICIANDO PIPELINE: CLIENTES
2026-01-23 13:56:21 - pipeline_clientes - INFO - ================================================================================
2026-01-23 13:56:21 - pipeline_clientes - INFO - Buscando archivos (Clientes-\d{4}-\d{2}-\d{2}\.csv) en directorio input/
2026-01-23 13:56:21 - pipeline_clientes - INFO -   ✓ Archivo válido encontrado: Clientes-2025-11-10.csv
2026-01-23 13:56:21 - pipeline_clientes - INFO - ================================================================================
2026-01-23 13:56:21 - pipeline_clientes - INFO - Procesando: Clientes-2025-11-10.csv
2026-01-23 13:56:21 - pipeline_clientes - INFO - ================================================================================
2026-01-23 13:56:21 - pipeline_clientes - INFO - Leyendo archivo: Clientes-2025-11-10.csv
2026-01-23 13:56:21 - pipeline_clientes - INFO -   ✓ Leídas 5 filas, 7 columnas
2026-01-23 13:56:21 - pipeline_clientes - INFO - Iniciando limpieza de datos
2026-01-23 13:56:21 - pipeline_clientes - INFO -   - Eliminando espacios en blanco
2026-01-23 13:56:21 - pipeline_clientes - INFO -   - Normalizando nombres de columnas
2026-01-23 13:56:21 - pipeline_clientes - INFO - Normalizando datos
2026-01-23 13:56:21 - pipeline_clientes - INFO -   - Normalizando nombres
2026-01-23 13:56:21 - pipeline_clientes - INFO -   - Normalizando apellido1
2026-01-23 13:56:21 - pipeline_clientes - INFO -   - Normalizando apellido2
2026-01-23 13:56:21 - pipeline_clientes - INFO -   - Normalizando correos
2026-01-23 13:56:21 - pipeline_clientes - INFO -   - Normalizando DNIs
2026-01-23 13:56:21 - pipeline_clientes - INFO -   - Normalizando teléfonos
2026-01-23 13:56:21 - pipeline_clientes - INFO - Aplicando validaciones
2026-01-23 13:56:21 - pipeline_clientes - INFO -   - Validando DNIs
2026-01-23 13:56:21 - pipeline_clientes - INFO -   - Validando teléfonos
2026-01-23 13:56:21 - pipeline_clientes - INFO -   - Validando correos
2026-01-23 13:56:21 - pipeline_clientes - INFO - Aplicando anonimización a datos sensibles
2026-01-23 13:56:21 - pipeline_clientes - INFO -   - DNI hasheado
2026-01-23 13:56:21 - pipeline_clientes - INFO -   ✓ Guardadas 5 filas válidas en: Clientes-2025-11-10.cleaned.csv
2026-01-23 13:56:21 - pipeline_clientes - INFO - ================================================================================
2026-01-23 13:56:21 - pipeline_clientes - INFO - PIPELINE CLIENTES COMPLETADO
2026-01-23 13:56:21 - pipeline_clientes - INFO - ================================================================================
2026-01-23 13:56:21 - pipeline_clientes - INFO - Archivos procesados: 1
2026-01-23 13:56:21 - pipeline_clientes - INFO - Filas leídas: 5
2026-01-23 13:56:21 - pipeline_clientes - INFO - Filas procesadas correctamente: 5
2026-01-23 13:56:21 - pipeline_clientes - INFO - Filas rechazadas: 0
2026-01-23 13:56:21 - pipeline_clientes - INFO - Tiempo de ejecución: 0.02 segundos
2026-01-23 13:56:21 - pipeline_clientes - INFO - ================================================================================
2026-01-23 13:57:42 - pipeline_clientes - INFO - ================================================================================
2026-01-23 13:57:42 - pipeline_clientes - INFO - INICIANDO PIPELINE: CLIENTES
2026-01-23 13:57:42 - pipeline_clientes - INFO - ================================================================================
2026-01-23 13:57:42 - pipeline_clientes - INFO - Buscando archivos (Clientes-\d{4}-\d{2}-\d{2}\.csv) en directorio input/
2026-01-23 13:57:42 - pipeline_clientes - INFO -   ✓ Archivo válido encontrado: Clientes-2025-11-10.csv
2026-01-23 13:57:42 - pipeline_clientes - INFO - ================================================================================
2026-01-23 13:57:42 - pipeline_clientes - INFO - Procesando: Clientes-2025-11-10.csv
2026-01-23 13:57:42 - pipeline_clientes - INFO - ================================================================================
2026-01-23 13:57:42 - pipeline_clientes - INFO - Leyendo archivo: Clientes-2025-11-10.csv
2026-01-23 13:57:42 - pipeline_clientes - INFO -   ✓ Leídas 5 filas, 7 columnas
2026-01-23 13:57:42 - pipeline_clientes - INFO - Iniciando limpieza de datos
2026-01-23 13:57:42 - pipeline_clientes - INFO -   - Eliminando espacios en blanco
2026-01-23 13:57:42 - pipeline_clientes - INFO -   - Normalizando nombres de columnas
2026-01-23 13:57:42 - pipeline_clientes - INFO - Normalizando datos
2026-01-23 13:57:42 - pipeline_clientes - INFO -   - Normalizando nombres
2026-01-23 13:57:42 - pipeline_clientes - INFO -   - Normalizando apellido1
2026-01-23 13:57:42 - pipeline_clientes - INFO -   - Normalizando apellido2
2026-01-23 13:57:42 - pipeline_clientes - INFO -   - Normalizando correos
2026-01-23 13:57:42 - pipeline_clientes - INFO -   - Normalizando DNIs
2026-01-23 13:57:42 - pipeline_clientes - INFO -   - Normalizando teléfonos
2026-01-23 13:57:42 - pipeline_clientes - INFO - Aplicando validaciones
2026-01-23 13:57:42 - pipeline_clientes - INFO -   - Validando DNIs
2026-01-23 13:57:42 - pipeline_clientes - INFO -   - Validando teléfonos
2026-01-23 13:57:42 - pipeline_clientes - INFO -   - Validando correos
2026-01-23 13:57:42 - pipeline_clientes - INFO - Aplicando anonimización a datos sensibles
2026-01-23 13:57:42 - pipeline_clientes - INFO -   - DNI hasheado
2026-01-23 13:57:42 - pipeline_clientes - INFO -   ✓ Guardadas 5 filas válidas en: Clientes-2025-11-10.cleaned.csv
2026-01-23 13:57:42 - pipeline_clientes - INFO - ================================================================================
2026-01-23 13:57:42 - pipeline_clientes - INFO - PIPELINE CLIENTES COMPLETADO
2026-01-23 13:57:42 - pipeline_clientes - INFO - ================================================================================
2026-01-23 13:57:42 - pipeline_clientes - INFO - Archivos procesados: 1
2026-01-23 13:57:42 - pipeline_clientes - INFO - Filas leídas: 5
2026-01-23 13:57:42 - pipeline_clientes - INFO - Filas procesadas correctamente: 5
2026-01-23 13:57:42 - pipeline_clientes - INFO - Filas rechazadas: 0
2026-01-23 13:57:42 - pipeline_clientes - INFO - Tiempo de ejecución: 0.02 segundos
2026-01-23 13:57:42 - pipeline_clientes - INFO - ================================================================================
2026-01-23 13:58:01 - pipeline_clientes - INFO - ================================================================================
2026-01-23 13:58:01 - pipeline_clientes - INFO - INICIANDO PIPELINE: CLIENTES
2026-01-23 13:58:01 - pipeline_clientes - INFO - ================================================================================
2026-01-23 13:58:01 - pipeline_clientes - INFO - Buscando archivos (Clientes-\d{4}-\d{2}-\d{2}\.csv) en directorio input/
2026-01-23 13:58:01 - pipeline_clientes - INFO -   ✓ Archivo válido encontrado: Clientes-2025-11-10.csv
2026-01-23 13:58:01 - pipeline_clientes - INFO - ================================================================================
2026-01-23 13:58:01 - pipeline_clientes - INFO - Procesando: Clientes-2025-11-10.csv
2026-01-23 13:58:01 - pipeline_clientes - INFO - ================================================================================
2026-01-23 13:58:01 - pipeline_clientes - INFO - Leyendo archivo: Clientes-2025-11-10.csv
2026-01-23 13:58:01 - pipeline_clientes - INFO -   ✓ Leídas 5 filas, 7 columnas
2026-01-23 13:58:01 - pipeline_clientes - INFO - Iniciando limpieza de datos
2026-01-23 13:58:01 - pipeline_clientes - INFO -   - Eliminando espacios en blanco
2026-01-23 13:58:01 - pipeline_clientes - INFO -   - Normalizando nombres de columnas
2026-01-23 13:58:01 - pipeline_clientes - INFO - Normalizando datos
2026-01-23 13:58:01 - pipeline_clientes - INFO -   - Normalizando nombres
2026-01-23 13:58:01 - pipeline_clientes - INFO -   - Normalizando apellido1
2026-01-23 13:58:01 - pipeline_clientes - INFO -   - Normalizando apellido2
2026-01-23 13:58:01 - pipeline_clientes - INFO -   - Normalizando correos
2026-01-23 13:58:01 - pipeline_clientes - INFO -   - Normalizando DNIs
2026-01-23 13:58:01 - pipeline_clientes - INFO -   - Normalizando teléfonos
2026-01-23 13:58:01 - pipeline_clientes - INFO - Aplicando validaciones
2026-01-23 13:58:01 - pipeline_clientes - INFO -   - Validando DNIs
2026-01-23 13:58:01 - pipeline_clientes - INFO -   - Validando teléfonos
2026-01-23 13:58:01 - pipeline_clientes - INFO -   - Validando correos
2026-01-23 13:58:01 - pipeline_clientes - INFO - Aplicando anonimización a datos sensibles
2026-01-23 13:58:01 - pipeline_clientes - INFO -   - DNI hasheado
2026-01-23 13:58:01 - pipeline_clientes - INFO -   ✓ Guardadas 5 filas válidas en: Clientes-2025-11-10.cleaned.csv
2026-01-23 13:58:01 - pipeline_clientes - INFO - ================================================================================
2026-01-23 13:58:01 - pipeline_clientes - INFO - PIPELINE CLIENTES COMPLETADO
2026-01-23 13:58:01 - pipeline_clientes - INFO - ================================================================================
2026-01-23 13:58:01 - pipeline_clientes - INFO - Archivos procesados: 1
2026-01-23 13:58:01 - pipeline_clientes - INFO - Filas leídas: 5
2026-01-23 13:58:01 - pipeline_clientes - INFO - Filas procesadas correctamente: 5
2026-01-23 13:58:01 - pipeline_clientes - INFO - Filas rechazadas: 0
2026-01-23 13:58:01 - pipeline_clientes - INFO - Tiempo de ejecución: 0.02 segundos
2026-01-23 13:58:01 - pipeline_clientes - INFO - ================================================================================
2026-01-23 14:00:32 - pipeline_clientes - INFO - ================================================================================
2026-01-23 14:00:32 - pipeline_clientes - INFO - INICIANDO PIPELINE: CLIENTES
2026-01-23 14:00:32 - pipeline_clientes - INFO - ================================================================================
2026-01-23 14:00:32 - pipeline_clientes - INFO - Buscando archivos (Clientes-\d{4}-\d{2}-\d{2}\.csv) en directorio input/
2026-01-23 14:00:32 - pipeline_clientes - INFO -   ✓ Archivo válido encontrado: Clientes-2025-11-10.csv
2026-01-23 14:00:32 - pipeline_clientes - INFO - ================================================================================
2026-01-23 14:00:32 - pipeline_clientes - INFO - Procesando: Clientes-2025-11-10.csv
2026-01-23 14:00:32 - pipeline_clientes - INFO - ================================================================================
2026-01-23 14:00:32 - pipeline_clientes - INFO - Leyendo archivo: Clientes-2025-11-10.csv
2026-01-23 14:00:32 - pipeline_clientes - INFO -   ✓ Leídas 50 filas, 7 columnas
2026-01-23 14:00:32 - pipeline_clientes - INFO - Iniciando limpieza de datos
2026-01-23 14:00:32 - pipeline_clientes - INFO -   - Eliminando espacios en blanco
2026-01-23 14:00:32 - pipeline_clientes - INFO -   - Normalizando nombres de columnas
2026-01-23 14:00:32 - pipeline_clientes - INFO - Normalizando datos
2026-01-23 14:00:32 - pipeline_clientes - INFO -   - Normalizando nombres
2026-01-23 14:00:32 - pipeline_clientes - INFO -   - Normalizando apellido1
2026-01-23 14:00:32 - pipeline_clientes - INFO -   - Normalizando apellido2
2026-01-23 14:00:32 - pipeline_clientes - INFO -   - Normalizando correos
2026-01-23 14:00:32 - pipeline_clientes - INFO -   - Normalizando DNIs
2026-01-23 14:00:32 - pipeline_clientes - INFO -   - Normalizando teléfonos
2026-01-23 14:00:32 - pipeline_clientes - INFO - Aplicando validaciones
2026-01-23 14:00:32 - pipeline_clientes - INFO -   - Validando DNIs
2026-01-23 14:00:32 - pipeline_clientes - INFO -   - Validando teléfonos
2026-01-23 14:00:32 - pipeline_clientes - INFO -   - Validando correos
2026-01-23 14:00:32 - pipeline_clientes - INFO - Aplicando anonimización a datos sensibles
2026-01-23 14:00:32 - pipeline_clientes - INFO -   - DNI hasheado
2026-01-23 14:00:32 - pipeline_clientes - INFO -   ✓ Guardadas 50 filas válidas en: Clientes-2025-11-10.cleaned.csv
2026-01-23 14:00:32 - pipeline_clientes - INFO - ================================================================================
2026-01-23 14:00:32 - pipeline_clientes - INFO - PIPELINE CLIENTES COMPLETADO
2026-01-23 14:00:32 - pipeline_clientes - INFO - ================================================================================
2026-01-23 14:00:32 - pipeline_clientes - INFO - Archivos procesados: 1
2026-01-23 14:00:32 - pipeline_clientes - INFO - Filas leídas: 50
2026-01-23 14:00:32 - pipeline_clientes - INFO - Filas procesadas correctamente: 50
2026-01-23 14:00:32 - pipeline_clientes - INFO - Filas rechazadas: 0
2026-01-23 14:00:32 - pipeline_clientes - INFO - Tiempo de ejecución: 0.02 segundos
2026-01-23 14:00:32 - pipeline_clientes - INFO - ================================================================================
2026-01-23 14:28:15 - pipeline_clientes - INFO - ================================================================================
2026-01-23 14:28:15 - pipeline_clientes - INFO - INICIANDO PIPELINE: CLIENTES
2026-01-23 14:28:15 - pipeline_clientes - INFO - ================================================================================
2026-01-23 14:28:15 - pipeline_clientes - INFO - Buscando archivos (Clientes-\d{4}-\d{2}-\d{2}\.csv) en directorio input/
2026-01-23 14:28:15 - pipeline_clientes - INFO -   ✓ Archivo válido encontrado: Clientes-2026-01-19.csv
2026-01-23 14:28:15 - pipeline_clientes - INFO - ================================================================================
2026-01-23 14:28:15 - pipeline_clientes - INFO - Procesando: Clientes-2026-01-19.csv
2026-01-23 14:28:15 - pipeline_clientes - INFO - ================================================================================
2026-01-23 14:28:15 - pipeline_clientes - INFO - Leyendo archivo: Clientes-2026-01-19.csv
2026-01-23 14:28:15 - pipeline_clientes - INFO -   ✓ Leídas 50 filas, 7 columnas
2026-01-23 14:28:15 - pipeline_clientes - INFO - Iniciando limpieza de datos
2026-01-23 14:28:15 - pipeline_clientes - INFO -   - Eliminando espacios en blanco
2026-01-23 14:28:15 - pipeline_clientes - INFO -   - Normalizando nombres de columnas
2026-01-23 14:28:15 - pipeline_clientes - INFO - Normalizando datos
2026-01-23 14:28:15 - pipeline_clientes - INFO -   - Normalizando nombres
2026-01-23 14:28:15 - pipeline_clientes - INFO -   - Normalizando apellido1
2026-01-23 14:28:15 - pipeline_clientes - INFO -   - Normalizando apellido2
2026-01-23 14:28:15 - pipeline_clientes - INFO -   - Normalizando correos
2026-01-23 14:28:15 - pipeline_clientes - INFO -   - Normalizando DNIs
2026-01-23 14:28:15 - pipeline_clientes - INFO -   - Normalizando teléfonos
2026-01-23 14:28:15 - pipeline_clientes - INFO - Aplicando validaciones
2026-01-23 14:28:15 - pipeline_clientes - INFO -   - Validando DNIs
2026-01-23 14:28:15 - pipeline_clientes - INFO -   - Validando teléfonos
2026-01-23 14:28:15 - pipeline_clientes - INFO -   - Validando correos
2026-01-23 14:28:15 - pipeline_clientes - INFO - Aplicando anonimización a datos sensibles
2026-01-23 14:28:15 - pipeline_clientes - INFO -   - DNI hasheado
2026-01-23 14:28:15 - pipeline_clientes - INFO -   ✓ Guardadas 50 filas válidas en: Clientes-2026-01-19.cleaned.csv
2026-01-23 14:28:15 - pipeline_clientes - INFO - ================================================================================
2026-01-23 14:28:15 - pipeline_clientes - INFO - PIPELINE CLIENTES COMPLETADO
2026-01-23 14:28:15 - pipeline_clientes - INFO - ================================================================================
2026-01-23 14:28:15 - pipeline_clientes - INFO - Archivos procesados: 1
2026-01-23 14:28:15 - pipeline_clientes - INFO - Filas leídas: 50
2026-01-23 14:28:15 - pipeline_clientes - INFO - Filas procesadas correctamente: 50
2026-01-23 14:28:15 - pipeline_clientes - INFO - Filas rechazadas: 0
2026-01-23 14:28:15 - pipeline_clientes - INFO - Tiempo de ejecución: 0.02 segundos
2026-01-23 14:28:15 - pipeline_clientes - INFO - ================================================================================
2026-01-23 14:56:24 - pipeline_clientes - INFO - ================================================================================
2026-01-23 14:56:24 - pipeline_clientes - INFO - INICIANDO PIPELINE: CLIENTES
2026-01-23 14:56:24 - pipeline_clientes - INFO - ================================================================================
2026-01-23 14:56:24 - pipeline_clientes - INFO - Buscando archivos (Clientes-\d{4}-\d{2}-\d{2}\.csv) en directorio input/
2026-01-23 14:56:24 - pipeline_clientes - INFO -   ✓ Archivo válido encontrado: Clientes-2026-01-19.csv
2026-01-23 14:56:24 - pipeline_clientes - INFO - ================================================================================
2026-01-23 14:56:24 - pipeline_clientes - INFO - Procesando: Clientes-2026-01-19.csv
2026-01-23 14:56:24 - pipeline_clientes - INFO - ================================================================================
2026-01-23 14:56:24 - pipeline_clientes - INFO - Leyendo archivo: Clientes-2026-01-19.csv
2026-01-23 14:56:24 - pipeline_clientes - INFO -   ✓ Leídas 50 filas, 7 columnas
2026-01-23 14:56:24 - pipeline_clientes - INFO - Iniciando limpieza de datos
2026-01-23 14:56:24 - pipeline_clientes - INFO -   - Eliminando espacios en blanco
2026-01-23 14:56:24 - pipeline_clientes - INFO -   - Normalizando nombres de columnas
2026-01-23 14:56:24 - pipeline_clientes - INFO - Normalizando datos
2026-01-23 14:56:24 - pipeline_clientes - INFO -   - Normalizando nombres
2026-01-23 14:56:24 - pipeline_clientes - INFO -   - Normalizando apellido1
2026-01-23 14:56:24 - pipeline_clientes - INFO -   - Normalizando apellido2
2026-01-23 14:56:24 - pipeline_clientes - INFO -   - Normalizando correos
2026-01-23 14:56:24 - pipeline_clientes - INFO -   - Normalizando DNIs
2026-01-23 14:56:24 - pipeline_clientes - INFO -   - Normalizando teléfonos
2026-01-23 14:56:24 - pipeline_clientes - INFO - Aplicando validaciones
2026-01-23 14:56:24 - pipeline_clientes - INFO -   - Validando DNIs
2026-01-23 14:56:24 - pipeline_clientes - INFO -   - Validando teléfonos
2026-01-23 14:56:24 - pipeline_clientes - INFO -   - Validando correos
2026-01-23 14:56:24 - pipeline_clientes - INFO - Aplicando anonimización a datos sensibles
2026-01-23 14:56:24 - pipeline_clientes - INFO -   - DNI hasheado
2026-01-23 14:56:24 - pipeline_clientes - INFO -   ✓ Guardadas 50 filas válidas en: Clientes-2026-01-19.cleaned.csv
2026-01-23 14:56:24 - pipeline_clientes - INFO - ================================================================================
2026-01-23 14:56:24 - pipeline_clientes - INFO - PIPELINE CLIENTES COMPLETADO
2026-01-23 14:56:24 - pipeline_clientes - INFO - ================================================================================
2026-01-23 14:56:24 - pipeline_clientes - INFO - Archivos procesados: 1
2026-01-23 14:56:24 - pipeline_clientes - INFO - Filas leídas: 50
2026-01-23 14:56:24 - pipeline_clientes - INFO - Filas procesadas correctamente: 50
2026-01-23 14:56:24 - pipeline_clientes - INFO - Filas rechazadas: 0
2026-01-23 14:56:24 - pipeline_clientes - INFO - Tiempo de ejecución: 0.02 segundos
2026-01-23 14:56:24 - pipeline_clientes - INFO - ================================================================================
2026-01-23 14:57:38 - pipeline_clientes - INFO - ================================================================================
2026-01-23 14:57:38 - pipeline_clientes - INFO - INICIANDO PIPELINE: CLIENTES
2026-01-23 14:57:38 - pipeline_clientes - INFO - ================================================================================
2026-01-23 14:57:38 - pipeline_clientes - INFO - Buscando archivos (Clientes-\d{4}-\d{2}-\d{2}\.csv) en directorio input/
2026-01-23 14:57:38 - pipeline_clientes - INFO -   ✓ Archivo válido encontrado: Clientes-2026-01-19.csv
2026-01-23 14:57:38 - pipeline_clientes - INFO - ================================================================================
2026-01-23 14:57:38 - pipeline_clientes - INFO - Procesando: Clientes-2026-01-19.csv
2026-01-23 14:57:38 - pipeline_clientes - INFO - ================================================================================
2026-01-23 14:57:38 - pipeline_clientes - INFO - Leyendo archivo: Clientes-2026-01-19.csv
2026-01-23 14:57:38 - pipeline_clientes - INFO -   ✓ Leídas 49 filas, 7 columnas
2026-01-23 14:57:38 - pipeline_clientes - INFO - Iniciando limpieza de datos
2026-01-23 14:57:38 - pipeline_clientes - INFO -   - Eliminando espacios en blanco
2026-01-23 14:57:38 - pipeline_clientes - INFO -   - Normalizando nombres de columnas
2026-01-23 14:57:38 - pipeline_clientes - INFO - Normalizando datos
2026-01-23 14:57:38 - pipeline_clientes - INFO -   - Normalizando nombres
2026-01-23 14:57:38 - pipeline_clientes - INFO -   - Normalizando apellido1
2026-01-23 14:57:38 - pipeline_clientes - INFO -   - Normalizando apellido2
2026-01-23 14:57:38 - pipeline_clientes - INFO -   - Normalizando correos
2026-01-23 14:57:38 - pipeline_clientes - INFO -   - Normalizando DNIs
2026-01-23 14:57:38 - pipeline_clientes - INFO -   - Normalizando teléfonos
2026-01-23 14:57:38 - pipeline_clientes - INFO - Aplicando validaciones
2026-01-23 14:57:38 - pipeline_clientes - INFO -   - Validando DNIs
2026-01-23 14:57:38 - pipeline_clientes - INFO -   - Validando teléfonos
2026-01-23 14:57:38 - pipeline_clientes - INFO -   - Validando correos
2026-01-23 14:57:38 - pipeline_clientes - INFO - Aplicando anonimización a datos sensibles
2026-01-23 14:57:38 - pipeline_clientes - INFO -   - DNI hasheado
2026-01-23 14:57:38 - pipeline_clientes - INFO -   ✓ Guardadas 49 filas válidas en: Clientes-2026-01-19.cleaned.csv
2026-01-23 14:57:38 - pipeline_clientes - INFO - ================================================================================
2026-01-23 14:57:38 - pipeline_clientes - INFO - PIPELINE CLIENTES COMPLETADO
2026-01-23 14:57:38 - pipeline_clientes - INFO - ================================================================================
2026-01-23 14:57:38 - pipeline_clientes - INFO - Archivos procesados: 1
2026-01-23 14:57:38 - pipeline_clientes - INFO - Filas leídas: 49
2026-01-23 14:57:38 - pipeline_clientes - INFO - Filas procesadas correctamente: 49
2026-01-23 14:57:38 - pipeline_clientes - INFO - Filas rechazadas: 0
2026-01-23 14:57:38 - pipeline_clientes - INFO - Tiempo de ejecución: 0.02 segundos
2026-01-23 14:57:38 - pipeline_clientes - INFO - ================================================================================
