2026-01-22 15:47:34 - pipeline_tarjetas - INFO - ================================================================================
2026-01-22 15:47:34 - pipeline_tarjetas - INFO - INICIANDO PIPELINE ETL DE TARJETAS
2026-01-22 15:47:34 - pipeline_tarjetas - INFO - ================================================================================
2026-01-22 15:47:34 - pipeline_tarjetas - INFO - Buscando archivos de tarjetas en directorio input/
2026-01-22 15:47:34 - pipeline_tarjetas - WARNING -   ⚠ Archivo ignorado (no cumple patrón): Clientes-2025-11-10.csv
2026-01-22 15:47:34 - pipeline_tarjetas - INFO -   ✓ Archivo válido encontrado: Tarjetas-2025-11-10.csv
2026-01-22 15:47:34 - pipeline_tarjetas - INFO - ================================================================================
2026-01-22 15:47:34 - pipeline_tarjetas - INFO - Procesando: Tarjetas-2025-11-10.csv
2026-01-22 15:47:34 - pipeline_tarjetas - INFO - ================================================================================
2026-01-22 15:47:34 - pipeline_tarjetas - INFO - Leyendo archivo: Tarjetas-2025-11-10.csv
2026-01-22 15:47:34 - pipeline_tarjetas - INFO -   ✓ Leídas 5 filas, 4 columnas
2026-01-22 15:47:34 - pipeline_tarjetas - INFO - Iniciando limpieza de datos
2026-01-22 15:47:34 - pipeline_tarjetas - INFO -   - Eliminando espacios en blanco
2026-01-22 15:47:34 - pipeline_tarjetas - INFO -   - Normalizando nombres de columnas
2026-01-22 15:47:34 - pipeline_tarjetas - INFO -     Columnas: cod_cliente, numero_tarjeta, fecha_exp, cvv
2026-01-22 15:47:34 - pipeline_tarjetas - INFO - Normalizando datos
2026-01-22 15:47:34 - pipeline_tarjetas - INFO -   - Normalizando números de tarjeta
2026-01-22 15:47:34 - pipeline_tarjetas - INFO -   - Normalizando CVV
2026-01-22 15:47:34 - pipeline_tarjetas - INFO -   - Normalizando fechas de expiración
2026-01-22 15:47:34 - pipeline_tarjetas - INFO - Aplicando validaciones
2026-01-22 15:47:34 - pipeline_tarjetas - INFO -   - Validando fechas de expiración
2026-01-22 15:47:34 - pipeline_tarjetas - INFO -     Fechas válidas: 5/5 (100.0%)
2026-01-22 15:47:34 - pipeline_tarjetas - INFO - Aplicando anonimización OBLIGATORIA a tarjetas
2026-01-22 15:47:34 - pipeline_tarjetas - INFO -   ✓ Número de tarjeta enmascarado (últimos 4 dígitos visibles)
2026-01-22 15:47:34 - pipeline_tarjetas - INFO -   ✓ Número de tarjeta hasheado (SHA-256 con salt)
2026-01-22 15:47:34 - pipeline_tarjetas - INFO -   ✓ CVV hasheado (SHA-256 con salt)
2026-01-22 15:47:34 - pipeline_tarjetas - INFO -   ✓ Guardadas 5 filas válidas en: Tarjetas-2025-11-10.cleaned.csv
2026-01-22 15:47:34 - pipeline_tarjetas - INFO -     SEGURIDAD: Datos sensibles NO incluidos (solo versiones anonimizadas)
2026-01-22 15:47:34 - pipeline_tarjetas - INFO - ================================================================================
2026-01-22 15:47:34 - pipeline_tarjetas - INFO - PIPELINE COMPLETADO
2026-01-22 15:47:34 - pipeline_tarjetas - INFO - ================================================================================
2026-01-22 15:47:34 - pipeline_tarjetas - INFO - Archivos procesados: 1
2026-01-22 15:47:34 - pipeline_tarjetas - INFO - Filas leídas: 5
2026-01-22 15:47:34 - pipeline_tarjetas - INFO - Filas procesadas correctamente: 5
2026-01-22 15:47:34 - pipeline_tarjetas - INFO - Filas rechazadas: 0
2026-01-22 15:47:34 - pipeline_tarjetas - INFO - Tiempo de ejecución: 0.02 segundos
2026-01-22 15:47:34 - pipeline_tarjetas - INFO - ================================================================================
2026-01-23 13:45:57 - pipeline_tarjetas - INFO - ================================================================================
2026-01-23 13:45:57 - pipeline_tarjetas - INFO - INICIANDO PIPELINE: TARJETAS
2026-01-23 13:45:57 - pipeline_tarjetas - INFO - ================================================================================
2026-01-23 13:45:57 - pipeline_tarjetas - INFO - Buscando archivos (Tarjetas-\d{4}-\d{2}-\d{2}\.csv) en directorio input/
2026-01-23 13:45:57 - pipeline_tarjetas - INFO -   ✓ Archivo válido encontrado: Tarjetas-2025-11-10.csv
2026-01-23 13:45:57 - pipeline_tarjetas - INFO - ================================================================================
2026-01-23 13:45:57 - pipeline_tarjetas - INFO - Procesando: Tarjetas-2025-11-10.csv
2026-01-23 13:45:57 - pipeline_tarjetas - INFO - ================================================================================
2026-01-23 13:45:57 - pipeline_tarjetas - INFO - Leyendo archivo: Tarjetas-2025-11-10.csv
2026-01-23 13:45:57 - pipeline_tarjetas - INFO -   ✓ Leídas 5 filas, 4 columnas
2026-01-23 13:45:57 - pipeline_tarjetas - INFO - Iniciando limpieza de datos
2026-01-23 13:45:57 - pipeline_tarjetas - INFO -   - Eliminando espacios en blanco
2026-01-23 13:45:57 - pipeline_tarjetas - INFO -   - Normalizando nombres de columnas
2026-01-23 13:45:57 - pipeline_tarjetas - INFO - Normalizando datos
2026-01-23 13:45:57 - pipeline_tarjetas - INFO -   - Normalizando números de tarjeta
2026-01-23 13:45:57 - pipeline_tarjetas - INFO -   - Normalizando CVV
2026-01-23 13:45:57 - pipeline_tarjetas - INFO -   - Normalizando fechas de expiración
2026-01-23 13:45:57 - pipeline_tarjetas - INFO - Aplicando validaciones
2026-01-23 13:45:57 - pipeline_tarjetas - INFO -   - Validando fechas de expiración
2026-01-23 13:45:57 - pipeline_tarjetas - INFO - Aplicando anonimización OBLIGATORIA a tarjetas
2026-01-23 13:45:57 - pipeline_tarjetas - INFO -   ✓ Número de tarjeta enmascarado
2026-01-23 13:45:57 - pipeline_tarjetas - INFO -   ✓ Número de tarjeta hasheado
2026-01-23 13:45:57 - pipeline_tarjetas - INFO -   ✓ CVV hasheado
2026-01-23 13:45:57 - pipeline_tarjetas - INFO -   ✓ Guardadas 5 filas válidas en: Tarjetas-2025-11-10.cleaned.csv
2026-01-23 13:45:57 - pipeline_tarjetas - INFO - ================================================================================
2026-01-23 13:45:57 - pipeline_tarjetas - INFO - PIPELINE TARJETAS COMPLETADO
2026-01-23 13:45:57 - pipeline_tarjetas - INFO - ================================================================================
2026-01-23 13:45:57 - pipeline_tarjetas - INFO - Archivos procesados: 1
2026-01-23 13:45:57 - pipeline_tarjetas - INFO - Filas leídas: 5
2026-01-23 13:45:57 - pipeline_tarjetas - INFO - Filas procesadas correctamente: 5
2026-01-23 13:45:57 - pipeline_tarjetas - INFO - Filas rechazadas: 0
2026-01-23 13:45:57 - pipeline_tarjetas - INFO - Tiempo de ejecución: 0.01 segundos
2026-01-23 13:45:57 - pipeline_tarjetas - INFO - ================================================================================
2026-01-23 13:51:18 - pipeline_tarjetas - INFO - ================================================================================
2026-01-23 13:51:18 - pipeline_tarjetas - INFO - INICIANDO PIPELINE: TARJETAS
2026-01-23 13:51:18 - pipeline_tarjetas - INFO - ================================================================================
2026-01-23 13:51:18 - pipeline_tarjetas - INFO - Buscando archivos (Tarjetas-\d{4}-\d{2}-\d{2}\.csv) en directorio input/
2026-01-23 13:51:18 - pipeline_tarjetas - INFO -   ✓ Archivo válido encontrado: Tarjetas-2025-11-10.csv
2026-01-23 13:51:18 - pipeline_tarjetas - INFO - ================================================================================
2026-01-23 13:51:18 - pipeline_tarjetas - INFO - Procesando: Tarjetas-2025-11-10.csv
2026-01-23 13:51:18 - pipeline_tarjetas - INFO - ================================================================================
2026-01-23 13:51:18 - pipeline_tarjetas - INFO - Leyendo archivo: Tarjetas-2025-11-10.csv
2026-01-23 13:51:18 - pipeline_tarjetas - INFO -   ✓ Leídas 5 filas, 4 columnas
2026-01-23 13:51:18 - pipeline_tarjetas - INFO - Iniciando limpieza de datos
2026-01-23 13:51:18 - pipeline_tarjetas - INFO -   - Eliminando espacios en blanco
2026-01-23 13:51:18 - pipeline_tarjetas - INFO -   - Normalizando nombres de columnas
2026-01-23 13:51:18 - pipeline_tarjetas - INFO - Normalizando datos
2026-01-23 13:51:18 - pipeline_tarjetas - INFO -   - Normalizando números de tarjeta
2026-01-23 13:51:18 - pipeline_tarjetas - INFO -   - Normalizando CVV
2026-01-23 13:51:18 - pipeline_tarjetas - INFO -   - Normalizando fechas de expiración
2026-01-23 13:51:18 - pipeline_tarjetas - INFO - Aplicando validaciones
2026-01-23 13:51:18 - pipeline_tarjetas - INFO -   - Validando fechas de expiración
2026-01-23 13:51:18 - pipeline_tarjetas - INFO - Aplicando anonimización OBLIGATORIA a tarjetas
2026-01-23 13:51:18 - pipeline_tarjetas - INFO -   ✓ Número de tarjeta enmascarado
2026-01-23 13:51:18 - pipeline_tarjetas - INFO -   ✓ Número de tarjeta hasheado
2026-01-23 13:51:18 - pipeline_tarjetas - INFO -   ✓ CVV hasheado
2026-01-23 13:51:18 - pipeline_tarjetas - INFO -   ✓ Guardadas 5 filas válidas en: Tarjetas-2025-11-10.cleaned.csv
2026-01-23 13:51:18 - pipeline_tarjetas - INFO - ================================================================================
2026-01-23 13:51:18 - pipeline_tarjetas - INFO - PIPELINE TARJETAS COMPLETADO
2026-01-23 13:51:18 - pipeline_tarjetas - INFO - ================================================================================
2026-01-23 13:51:18 - pipeline_tarjetas - INFO - Archivos procesados: 1
2026-01-23 13:51:18 - pipeline_tarjetas - INFO - Filas leídas: 5
2026-01-23 13:51:18 - pipeline_tarjetas - INFO - Filas procesadas correctamente: 5
2026-01-23 13:51:18 - pipeline_tarjetas - INFO - Filas rechazadas: 0
2026-01-23 13:51:18 - pipeline_tarjetas - INFO - Tiempo de ejecución: 0.01 segundos
2026-01-23 13:51:18 - pipeline_tarjetas - INFO - ================================================================================
2026-01-23 13:54:25 - pipeline_tarjetas - INFO - ================================================================================
2026-01-23 13:54:25 - pipeline_tarjetas - INFO - INICIANDO PIPELINE: TARJETAS
2026-01-23 13:54:25 - pipeline_tarjetas - INFO - ================================================================================
2026-01-23 13:54:25 - pipeline_tarjetas - INFO - Buscando archivos (Tarjetas-\d{4}-\d{2}-\d{2}\.csv) en directorio input/
2026-01-23 13:54:25 - pipeline_tarjetas - INFO -   ✓ Archivo válido encontrado: Tarjetas-2025-11-10.csv
2026-01-23 13:54:25 - pipeline_tarjetas - INFO - ================================================================================
2026-01-23 13:54:25 - pipeline_tarjetas - INFO - Procesando: Tarjetas-2025-11-10.csv
2026-01-23 13:54:25 - pipeline_tarjetas - INFO - ================================================================================
2026-01-23 13:54:25 - pipeline_tarjetas - INFO - Leyendo archivo: Tarjetas-2025-11-10.csv
2026-01-23 13:54:25 - pipeline_tarjetas - INFO -   ✓ Leídas 5 filas, 4 columnas
2026-01-23 13:54:25 - pipeline_tarjetas - INFO - Iniciando limpieza de datos
2026-01-23 13:54:25 - pipeline_tarjetas - INFO -   - Eliminando espacios en blanco
2026-01-23 13:54:25 - pipeline_tarjetas - INFO -   - Normalizando nombres de columnas
2026-01-23 13:54:25 - pipeline_tarjetas - INFO - Normalizando datos
2026-01-23 13:54:25 - pipeline_tarjetas - INFO -   - Normalizando números de tarjeta
2026-01-23 13:54:25 - pipeline_tarjetas - INFO -   - Normalizando CVV
2026-01-23 13:54:25 - pipeline_tarjetas - INFO -   - Normalizando fechas de expiración
2026-01-23 13:54:25 - pipeline_tarjetas - INFO - Aplicando validaciones
2026-01-23 13:54:25 - pipeline_tarjetas - INFO -   - Validando fechas de expiración
2026-01-23 13:54:25 - pipeline_tarjetas - INFO -   - Validando números de tarjeta (Luhn + Longitud)
2026-01-23 13:54:25 - pipeline_tarjetas - INFO -     Tarjetas válidas: 4/5 (80.0%)
2026-01-23 13:54:25 - pipeline_tarjetas - WARNING -   ⚠ 1 filas rechazadas por número de tarjeta inválido
2026-01-23 13:54:25 - pipeline_tarjetas - INFO - Aplicando anonimización OBLIGATORIA a tarjetas
2026-01-23 13:54:25 - pipeline_tarjetas - INFO -   ✓ Número de tarjeta enmascarado
2026-01-23 13:54:25 - pipeline_tarjetas - INFO -   ✓ Número de tarjeta hasheado
2026-01-23 13:54:25 - pipeline_tarjetas - INFO -   ✓ CVV hasheado
2026-01-23 13:54:25 - pipeline_tarjetas - INFO -   ✓ Guardadas 4 filas válidas en: Tarjetas-2025-11-10.cleaned.csv
2026-01-23 13:54:25 - pipeline_tarjetas - INFO -   ⚠ Guardadas 1 filas rechazadas en: Tarjetas-2025-11-10.rejected.csv
2026-01-23 13:54:25 - pipeline_tarjetas - INFO - ================================================================================
2026-01-23 13:54:25 - pipeline_tarjetas - INFO - PIPELINE TARJETAS COMPLETADO
2026-01-23 13:54:25 - pipeline_tarjetas - INFO - ================================================================================
2026-01-23 13:54:25 - pipeline_tarjetas - INFO - Archivos procesados: 1
2026-01-23 13:54:25 - pipeline_tarjetas - INFO - Filas leídas: 5
2026-01-23 13:54:25 - pipeline_tarjetas - INFO - Filas procesadas correctamente: 4
2026-01-23 13:54:25 - pipeline_tarjetas - INFO - Filas rechazadas: 1
2026-01-23 13:54:25 - pipeline_tarjetas - INFO - Tiempo de ejecución: 0.01 segundos
2026-01-23 13:54:25 - pipeline_tarjetas - INFO - ================================================================================
2026-01-23 13:56:21 - pipeline_tarjetas - INFO - ================================================================================
2026-01-23 13:56:21 - pipeline_tarjetas - INFO - INICIANDO PIPELINE: TARJETAS
2026-01-23 13:56:21 - pipeline_tarjetas - INFO - ================================================================================
2026-01-23 13:56:21 - pipeline_tarjetas - INFO - Buscando archivos (Tarjetas-\d{4}-\d{2}-\d{2}\.csv) en directorio input/
2026-01-23 13:56:21 - pipeline_tarjetas - INFO -   ✓ Archivo válido encontrado: Tarjetas-2025-11-10.csv
2026-01-23 13:56:21 - pipeline_tarjetas - INFO - ================================================================================
2026-01-23 13:56:21 - pipeline_tarjetas - INFO - Procesando: Tarjetas-2025-11-10.csv
2026-01-23 13:56:21 - pipeline_tarjetas - INFO - ================================================================================
2026-01-23 13:56:21 - pipeline_tarjetas - INFO - Leyendo archivo: Tarjetas-2025-11-10.csv
2026-01-23 13:56:21 - pipeline_tarjetas - INFO -   ✓ Leídas 5 filas, 4 columnas
2026-01-23 13:56:21 - pipeline_tarjetas - INFO - Iniciando limpieza de datos
2026-01-23 13:56:21 - pipeline_tarjetas - INFO -   - Eliminando espacios en blanco
2026-01-23 13:56:21 - pipeline_tarjetas - INFO -   - Normalizando nombres de columnas
2026-01-23 13:56:21 - pipeline_tarjetas - INFO - Normalizando datos
2026-01-23 13:56:21 - pipeline_tarjetas - INFO -   - Normalizando números de tarjeta
2026-01-23 13:56:21 - pipeline_tarjetas - INFO -   - Normalizando CVV
2026-01-23 13:56:21 - pipeline_tarjetas - INFO -   - Normalizando fechas de expiración
2026-01-23 13:56:21 - pipeline_tarjetas - INFO - Aplicando validaciones
2026-01-23 13:56:21 - pipeline_tarjetas - INFO -   - Validando fechas de expiración
2026-01-23 13:56:21 - pipeline_tarjetas - INFO - Aplicando anonimización OBLIGATORIA a tarjetas
2026-01-23 13:56:21 - pipeline_tarjetas - INFO -   ✓ Número de tarjeta enmascarado
2026-01-23 13:56:21 - pipeline_tarjetas - INFO -   ✓ Número de tarjeta hasheado
2026-01-23 13:56:21 - pipeline_tarjetas - INFO -   ✓ CVV hasheado
2026-01-23 13:56:21 - pipeline_tarjetas - INFO -   ✓ Guardadas 5 filas válidas en: Tarjetas-2025-11-10.cleaned.csv
2026-01-23 13:56:21 - pipeline_tarjetas - INFO - ================================================================================
2026-01-23 13:56:21 - pipeline_tarjetas - INFO - PIPELINE TARJETAS COMPLETADO
2026-01-23 13:56:21 - pipeline_tarjetas - INFO - ================================================================================
2026-01-23 13:56:21 - pipeline_tarjetas - INFO - Archivos procesados: 1
2026-01-23 13:56:21 - pipeline_tarjetas - INFO - Filas leídas: 5
2026-01-23 13:56:21 - pipeline_tarjetas - INFO - Filas procesadas correctamente: 5
2026-01-23 13:56:21 - pipeline_tarjetas - INFO - Filas rechazadas: 0
2026-01-23 13:56:21 - pipeline_tarjetas - INFO - Tiempo de ejecución: 0.01 segundos
2026-01-23 13:56:21 - pipeline_tarjetas - INFO - ================================================================================
2026-01-23 13:57:42 - pipeline_tarjetas - INFO - ================================================================================
2026-01-23 13:57:42 - pipeline_tarjetas - INFO - INICIANDO PIPELINE: TARJETAS
2026-01-23 13:57:42 - pipeline_tarjetas - INFO - ================================================================================
2026-01-23 13:57:42 - pipeline_tarjetas - INFO - Buscando archivos (Tarjetas-\d{4}-\d{2}-\d{2}\.csv) en directorio input/
2026-01-23 13:57:42 - pipeline_tarjetas - INFO -   ✓ Archivo válido encontrado: Tarjetas-2025-11-10.csv
2026-01-23 13:57:42 - pipeline_tarjetas - INFO - ================================================================================
2026-01-23 13:57:42 - pipeline_tarjetas - INFO - Procesando: Tarjetas-2025-11-10.csv
2026-01-23 13:57:42 - pipeline_tarjetas - INFO - ================================================================================
2026-01-23 13:57:42 - pipeline_tarjetas - INFO - Leyendo archivo: Tarjetas-2025-11-10.csv
2026-01-23 13:57:42 - pipeline_tarjetas - INFO -   ✓ Leídas 5 filas, 4 columnas
2026-01-23 13:57:42 - pipeline_tarjetas - INFO - Iniciando limpieza de datos
2026-01-23 13:57:42 - pipeline_tarjetas - INFO -   - Eliminando espacios en blanco
2026-01-23 13:57:42 - pipeline_tarjetas - INFO -   - Normalizando nombres de columnas
2026-01-23 13:57:42 - pipeline_tarjetas - INFO - Normalizando datos
2026-01-23 13:57:42 - pipeline_tarjetas - INFO -   - Normalizando números de tarjeta
2026-01-23 13:57:42 - pipeline_tarjetas - INFO -   - Normalizando CVV
2026-01-23 13:57:42 - pipeline_tarjetas - INFO -   - Normalizando fechas de expiración
2026-01-23 13:57:42 - pipeline_tarjetas - INFO - Aplicando validaciones
2026-01-23 13:57:42 - pipeline_tarjetas - INFO -   - Validando fechas de expiración
2026-01-23 13:57:42 - pipeline_tarjetas - INFO - Aplicando anonimización OBLIGATORIA a tarjetas
2026-01-23 13:57:42 - pipeline_tarjetas - INFO -   ✓ Número de tarjeta enmascarado
2026-01-23 13:57:42 - pipeline_tarjetas - INFO -   ✓ Número de tarjeta hasheado
2026-01-23 13:57:42 - pipeline_tarjetas - INFO -   ✓ CVV hasheado
2026-01-23 13:57:42 - pipeline_tarjetas - INFO -   ✓ Guardadas 5 filas válidas en: Tarjetas-2025-11-10.cleaned.csv
2026-01-23 13:57:42 - pipeline_tarjetas - INFO - ================================================================================
2026-01-23 13:57:42 - pipeline_tarjetas - INFO - PIPELINE TARJETAS COMPLETADO
2026-01-23 13:57:42 - pipeline_tarjetas - INFO - ================================================================================
2026-01-23 13:57:42 - pipeline_tarjetas - INFO - Archivos procesados: 1
2026-01-23 13:57:42 - pipeline_tarjetas - INFO - Filas leídas: 5
2026-01-23 13:57:42 - pipeline_tarjetas - INFO - Filas procesadas correctamente: 5
2026-01-23 13:57:42 - pipeline_tarjetas - INFO - Filas rechazadas: 0
2026-01-23 13:57:42 - pipeline_tarjetas - INFO - Tiempo de ejecución: 0.01 segundos
2026-01-23 13:57:42 - pipeline_tarjetas - INFO - ================================================================================
2026-01-23 13:58:01 - pipeline_tarjetas - INFO - ================================================================================
2026-01-23 13:58:01 - pipeline_tarjetas - INFO - INICIANDO PIPELINE: TARJETAS
2026-01-23 13:58:01 - pipeline_tarjetas - INFO - ================================================================================
2026-01-23 13:58:01 - pipeline_tarjetas - INFO - Buscando archivos (Tarjetas-\d{4}-\d{2}-\d{2}\.csv) en directorio input/
2026-01-23 13:58:01 - pipeline_tarjetas - INFO -   ✓ Archivo válido encontrado: Tarjetas-2025-11-10.csv
2026-01-23 13:58:01 - pipeline_tarjetas - INFO - ================================================================================
2026-01-23 13:58:01 - pipeline_tarjetas - INFO - Procesando: Tarjetas-2025-11-10.csv
2026-01-23 13:58:01 - pipeline_tarjetas - INFO - ================================================================================
2026-01-23 13:58:01 - pipeline_tarjetas - INFO - Leyendo archivo: Tarjetas-2025-11-10.csv
2026-01-23 13:58:01 - pipeline_tarjetas - INFO -   ✓ Leídas 5 filas, 4 columnas
2026-01-23 13:58:01 - pipeline_tarjetas - INFO - Iniciando limpieza de datos
2026-01-23 13:58:01 - pipeline_tarjetas - INFO -   - Eliminando espacios en blanco
2026-01-23 13:58:01 - pipeline_tarjetas - INFO -   - Normalizando nombres de columnas
2026-01-23 13:58:01 - pipeline_tarjetas - INFO - Normalizando datos
2026-01-23 13:58:01 - pipeline_tarjetas - INFO -   - Normalizando números de tarjeta
2026-01-23 13:58:01 - pipeline_tarjetas - INFO -   - Normalizando CVV
2026-01-23 13:58:01 - pipeline_tarjetas - INFO -   - Normalizando fechas de expiración
2026-01-23 13:58:01 - pipeline_tarjetas - INFO - Aplicando validaciones
2026-01-23 13:58:01 - pipeline_tarjetas - INFO -   - Validando fechas de expiración
2026-01-23 13:58:01 - pipeline_tarjetas - INFO - Aplicando anonimización OBLIGATORIA a tarjetas
2026-01-23 13:58:01 - pipeline_tarjetas - INFO -   ✓ Número de tarjeta enmascarado
2026-01-23 13:58:01 - pipeline_tarjetas - INFO -   ✓ Número de tarjeta hasheado
2026-01-23 13:58:01 - pipeline_tarjetas - INFO -   ✓ CVV hasheado
2026-01-23 13:58:01 - pipeline_tarjetas - INFO -   ✓ Guardadas 5 filas válidas en: Tarjetas-2025-11-10.cleaned.csv
2026-01-23 13:58:01 - pipeline_tarjetas - INFO - ================================================================================
2026-01-23 13:58:01 - pipeline_tarjetas - INFO - PIPELINE TARJETAS COMPLETADO
2026-01-23 13:58:01 - pipeline_tarjetas - INFO - ================================================================================
2026-01-23 13:58:01 - pipeline_tarjetas - INFO - Archivos procesados: 1
2026-01-23 13:58:01 - pipeline_tarjetas - INFO - Filas leídas: 5
2026-01-23 13:58:01 - pipeline_tarjetas - INFO - Filas procesadas correctamente: 5
2026-01-23 13:58:01 - pipeline_tarjetas - INFO - Filas rechazadas: 0
2026-01-23 13:58:01 - pipeline_tarjetas - INFO - Tiempo de ejecución: 0.01 segundos
2026-01-23 13:58:01 - pipeline_tarjetas - INFO - ================================================================================
2026-01-23 14:00:32 - pipeline_tarjetas - INFO - ================================================================================
2026-01-23 14:00:32 - pipeline_tarjetas - INFO - INICIANDO PIPELINE: TARJETAS
2026-01-23 14:00:32 - pipeline_tarjetas - INFO - ================================================================================
2026-01-23 14:00:32 - pipeline_tarjetas - INFO - Buscando archivos (Tarjetas-\d{4}-\d{2}-\d{2}\.csv) en directorio input/
2026-01-23 14:00:32 - pipeline_tarjetas - INFO -   ✓ Archivo válido encontrado: Tarjetas-2025-11-10.csv
2026-01-23 14:00:32 - pipeline_tarjetas - INFO - ================================================================================
2026-01-23 14:00:32 - pipeline_tarjetas - INFO - Procesando: Tarjetas-2025-11-10.csv
2026-01-23 14:00:32 - pipeline_tarjetas - INFO - ================================================================================
2026-01-23 14:00:32 - pipeline_tarjetas - INFO - Leyendo archivo: Tarjetas-2025-11-10.csv
2026-01-23 14:00:32 - pipeline_tarjetas - INFO -   ✓ Leídas 60 filas, 4 columnas
2026-01-23 14:00:32 - pipeline_tarjetas - INFO - Iniciando limpieza de datos
2026-01-23 14:00:32 - pipeline_tarjetas - INFO -   - Eliminando espacios en blanco
2026-01-23 14:00:32 - pipeline_tarjetas - INFO -   - Normalizando nombres de columnas
2026-01-23 14:00:32 - pipeline_tarjetas - INFO - Normalizando datos
2026-01-23 14:00:32 - pipeline_tarjetas - INFO -   - Normalizando números de tarjeta
2026-01-23 14:00:32 - pipeline_tarjetas - INFO -   - Normalizando CVV
2026-01-23 14:00:32 - pipeline_tarjetas - INFO -   - Normalizando fechas de expiración
2026-01-23 14:00:32 - pipeline_tarjetas - INFO - Aplicando validaciones
2026-01-23 14:00:32 - pipeline_tarjetas - INFO -   - Validando fechas de expiración
2026-01-23 14:00:32 - pipeline_tarjetas - INFO - Aplicando anonimización OBLIGATORIA a tarjetas
2026-01-23 14:00:32 - pipeline_tarjetas - INFO -   ✓ Número de tarjeta enmascarado
2026-01-23 14:00:32 - pipeline_tarjetas - INFO -   ✓ Número de tarjeta hasheado
2026-01-23 14:00:32 - pipeline_tarjetas - INFO -   ✓ CVV hasheado
2026-01-23 14:00:32 - pipeline_tarjetas - INFO -   ✓ Guardadas 60 filas válidas en: Tarjetas-2025-11-10.cleaned.csv
2026-01-23 14:00:32 - pipeline_tarjetas - INFO - ================================================================================
2026-01-23 14:00:32 - pipeline_tarjetas - INFO - PIPELINE TARJETAS COMPLETADO
2026-01-23 14:00:32 - pipeline_tarjetas - INFO - ================================================================================
2026-01-23 14:00:32 - pipeline_tarjetas - INFO - Archivos procesados: 1
2026-01-23 14:00:32 - pipeline_tarjetas - INFO - Filas leídas: 60
2026-01-23 14:00:32 - pipeline_tarjetas - INFO - Filas procesadas correctamente: 60
2026-01-23 14:00:32 - pipeline_tarjetas - INFO - Filas rechazadas: 0
2026-01-23 14:00:32 - pipeline_tarjetas - INFO - Tiempo de ejecución: 0.01 segundos
2026-01-23 14:00:32 - pipeline_tarjetas - INFO - ================================================================================
2026-01-23 14:28:15 - pipeline_tarjetas - INFO - ================================================================================
2026-01-23 14:28:15 - pipeline_tarjetas - INFO - INICIANDO PIPELINE: TARJETAS
2026-01-23 14:28:15 - pipeline_tarjetas - INFO - ================================================================================
2026-01-23 14:28:15 - pipeline_tarjetas - INFO - Buscando archivos (Tarjetas-\d{4}-\d{2}-\d{2}\.csv) en directorio input/
2026-01-23 14:28:15 - pipeline_tarjetas - INFO -   ✓ Archivo válido encontrado: Tarjetas-2025-11-10.csv
2026-01-23 14:28:15 - pipeline_tarjetas - INFO - ================================================================================
2026-01-23 14:28:15 - pipeline_tarjetas - INFO - Procesando: Tarjetas-2025-11-10.csv
2026-01-23 14:28:15 - pipeline_tarjetas - INFO - ================================================================================
2026-01-23 14:28:15 - pipeline_tarjetas - INFO - Leyendo archivo: Tarjetas-2025-11-10.csv
2026-01-23 14:28:15 - pipeline_tarjetas - INFO -   ✓ Leídas 60 filas, 4 columnas
2026-01-23 14:28:15 - pipeline_tarjetas - INFO - Iniciando limpieza de datos
2026-01-23 14:28:15 - pipeline_tarjetas - INFO -   - Eliminando espacios en blanco
2026-01-23 14:28:15 - pipeline_tarjetas - INFO -   - Normalizando nombres de columnas
2026-01-23 14:28:15 - pipeline_tarjetas - INFO - Normalizando datos
2026-01-23 14:28:15 - pipeline_tarjetas - INFO -   - Normalizando números de tarjeta
2026-01-23 14:28:15 - pipeline_tarjetas - INFO -   - Normalizando CVV
2026-01-23 14:28:15 - pipeline_tarjetas - INFO -   - Normalizando fechas de expiración
2026-01-23 14:28:15 - pipeline_tarjetas - INFO - Aplicando validaciones
2026-01-23 14:28:15 - pipeline_tarjetas - INFO -   - Validando fechas de expiración
2026-01-23 14:28:15 - pipeline_tarjetas - INFO - Aplicando anonimización OBLIGATORIA a tarjetas
2026-01-23 14:28:15 - pipeline_tarjetas - INFO -   ✓ Número de tarjeta enmascarado
2026-01-23 14:28:15 - pipeline_tarjetas - INFO -   ✓ Número de tarjeta hasheado
2026-01-23 14:28:15 - pipeline_tarjetas - INFO -   ✓ CVV hasheado
2026-01-23 14:28:15 - pipeline_tarjetas - INFO -   ✓ Guardadas 60 filas válidas en: Tarjetas-2025-11-10.cleaned.csv
2026-01-23 14:28:15 - pipeline_tarjetas - INFO - ================================================================================
2026-01-23 14:28:15 - pipeline_tarjetas - INFO - PIPELINE TARJETAS COMPLETADO
2026-01-23 14:28:15 - pipeline_tarjetas - INFO - ================================================================================
2026-01-23 14:28:15 - pipeline_tarjetas - INFO - Archivos procesados: 1
2026-01-23 14:28:15 - pipeline_tarjetas - INFO - Filas leídas: 60
2026-01-23 14:28:15 - pipeline_tarjetas - INFO - Filas procesadas correctamente: 60
2026-01-23 14:28:15 - pipeline_tarjetas - INFO - Filas rechazadas: 0
2026-01-23 14:28:15 - pipeline_tarjetas - INFO - Tiempo de ejecución: 0.01 segundos
2026-01-23 14:28:15 - pipeline_tarjetas - INFO - ================================================================================
2026-01-23 14:56:24 - pipeline_tarjetas - INFO - ================================================================================
2026-01-23 14:56:24 - pipeline_tarjetas - INFO - INICIANDO PIPELINE: TARJETAS
2026-01-23 14:56:24 - pipeline_tarjetas - INFO - ================================================================================
2026-01-23 14:56:24 - pipeline_tarjetas - INFO - Buscando archivos (Tarjetas-\d{4}-\d{2}-\d{2}\.csv) en directorio input/
2026-01-23 14:56:24 - pipeline_tarjetas - INFO -   ✓ Archivo válido encontrado: Tarjetas-2025-11-10.csv
2026-01-23 14:56:24 - pipeline_tarjetas - INFO - ================================================================================
2026-01-23 14:56:24 - pipeline_tarjetas - INFO - Procesando: Tarjetas-2025-11-10.csv
2026-01-23 14:56:24 - pipeline_tarjetas - INFO - ================================================================================
2026-01-23 14:56:24 - pipeline_tarjetas - INFO - Leyendo archivo: Tarjetas-2025-11-10.csv
2026-01-23 14:56:24 - pipeline_tarjetas - INFO -   ✓ Leídas 60 filas, 4 columnas
2026-01-23 14:56:24 - pipeline_tarjetas - INFO - Iniciando limpieza de datos
2026-01-23 14:56:24 - pipeline_tarjetas - INFO -   - Eliminando espacios en blanco
2026-01-23 14:56:24 - pipeline_tarjetas - INFO -   - Normalizando nombres de columnas
2026-01-23 14:56:24 - pipeline_tarjetas - INFO - Normalizando datos
2026-01-23 14:56:24 - pipeline_tarjetas - INFO -   - Normalizando números de tarjeta
2026-01-23 14:56:24 - pipeline_tarjetas - INFO -   - Normalizando CVV
2026-01-23 14:56:24 - pipeline_tarjetas - INFO -   - Normalizando fechas de expiración
2026-01-23 14:56:24 - pipeline_tarjetas - INFO - Aplicando validaciones
2026-01-23 14:56:24 - pipeline_tarjetas - INFO -   - Validando fechas de expiración
2026-01-23 14:56:24 - pipeline_tarjetas - INFO - Aplicando anonimización OBLIGATORIA a tarjetas
2026-01-23 14:56:24 - pipeline_tarjetas - INFO -   ✓ Número de tarjeta enmascarado
2026-01-23 14:56:24 - pipeline_tarjetas - INFO -   ✓ Número de tarjeta hasheado
2026-01-23 14:56:24 - pipeline_tarjetas - INFO -   ✓ CVV hasheado
2026-01-23 14:56:24 - pipeline_tarjetas - INFO -   ✓ Guardadas 60 filas válidas en: Tarjetas-2025-11-10.cleaned.csv
2026-01-23 14:56:24 - pipeline_tarjetas - INFO - ================================================================================
2026-01-23 14:56:24 - pipeline_tarjetas - INFO - PIPELINE TARJETAS COMPLETADO
2026-01-23 14:56:24 - pipeline_tarjetas - INFO - ================================================================================
2026-01-23 14:56:24 - pipeline_tarjetas - INFO - Archivos procesados: 1
2026-01-23 14:56:24 - pipeline_tarjetas - INFO - Filas leídas: 60
2026-01-23 14:56:24 - pipeline_tarjetas - INFO - Filas procesadas correctamente: 60
2026-01-23 14:56:24 - pipeline_tarjetas - INFO - Filas rechazadas: 0
2026-01-23 14:56:24 - pipeline_tarjetas - INFO - Tiempo de ejecución: 0.01 segundos
2026-01-23 14:56:24 - pipeline_tarjetas - INFO - ================================================================================
2026-01-23 14:57:38 - pipeline_tarjetas - INFO - ================================================================================
2026-01-23 14:57:38 - pipeline_tarjetas - INFO - INICIANDO PIPELINE: TARJETAS
2026-01-23 14:57:38 - pipeline_tarjetas - INFO - ================================================================================
2026-01-23 14:57:38 - pipeline_tarjetas - INFO - Buscando archivos (Tarjetas-\d{4}-\d{2}-\d{2}\.csv) en directorio input/
2026-01-23 14:57:38 - pipeline_tarjetas - INFO -   ✓ Archivo válido encontrado: Tarjetas-2025-11-10.csv
2026-01-23 14:57:38 - pipeline_tarjetas - INFO - ================================================================================
2026-01-23 14:57:38 - pipeline_tarjetas - INFO - Procesando: Tarjetas-2025-11-10.csv
2026-01-23 14:57:38 - pipeline_tarjetas - INFO - ================================================================================
2026-01-23 14:57:38 - pipeline_tarjetas - INFO - Leyendo archivo: Tarjetas-2025-11-10.csv
2026-01-23 14:57:38 - pipeline_tarjetas - INFO -   ✓ Leídas 60 filas, 4 columnas
2026-01-23 14:57:38 - pipeline_tarjetas - INFO - Iniciando limpieza de datos
2026-01-23 14:57:38 - pipeline_tarjetas - INFO -   - Eliminando espacios en blanco
2026-01-23 14:57:38 - pipeline_tarjetas - INFO -   - Normalizando nombres de columnas
2026-01-23 14:57:38 - pipeline_tarjetas - INFO - Normalizando datos
2026-01-23 14:57:38 - pipeline_tarjetas - INFO -   - Normalizando números de tarjeta
2026-01-23 14:57:38 - pipeline_tarjetas - INFO -   - Normalizando CVV
2026-01-23 14:57:38 - pipeline_tarjetas - INFO -   - Normalizando fechas de expiración
2026-01-23 14:57:38 - pipeline_tarjetas - INFO - Aplicando validaciones
2026-01-23 14:57:38 - pipeline_tarjetas - INFO -   - Validando fechas de expiración
2026-01-23 14:57:38 - pipeline_tarjetas - INFO - Aplicando anonimización OBLIGATORIA a tarjetas
2026-01-23 14:57:38 - pipeline_tarjetas - INFO -   ✓ Número de tarjeta enmascarado
2026-01-23 14:57:38 - pipeline_tarjetas - INFO -   ✓ Número de tarjeta hasheado
2026-01-23 14:57:38 - pipeline_tarjetas - INFO -   ✓ CVV hasheado
2026-01-23 14:57:38 - pipeline_tarjetas - INFO -   ✓ Guardadas 60 filas válidas en: Tarjetas-2025-11-10.cleaned.csv
2026-01-23 14:57:38 - pipeline_tarjetas - INFO - ================================================================================
2026-01-23 14:57:38 - pipeline_tarjetas - INFO - PIPELINE TARJETAS COMPLETADO
2026-01-23 14:57:38 - pipeline_tarjetas - INFO - ================================================================================
2026-01-23 14:57:38 - pipeline_tarjetas - INFO - Archivos procesados: 1
2026-01-23 14:57:38 - pipeline_tarjetas - INFO - Filas leídas: 60
2026-01-23 14:57:38 - pipeline_tarjetas - INFO - Filas procesadas correctamente: 60
2026-01-23 14:57:38 - pipeline_tarjetas - INFO - Filas rechazadas: 0
2026-01-23 14:57:38 - pipeline_tarjetas - INFO - Tiempo de ejecución: 0.01 segundos
2026-01-23 14:57:38 - pipeline_tarjetas - INFO - ================================================================================
